<?xml version="1.0" encoding="UTF-8"?>
<!-- Generated by org.testng.reporters.JUnitReportReporter -->
<testsuite hostname="Avi" failures="0" tests="1" name="coverFoxTest.TC1234_CoverFox_ValidateBannerCount" time="14.258" errors="0" timestamp="2024-10-17T16:24:09 IST" skipped="0">
  <testcase classname="coverFoxTest.TC1234_CoverFox_ValidateBannerCount" name="valiadatePolicyCount" time="14.258">
    <system-out>
      <![CDATA[getting policy count from text displayed ..
getting policy count from banners displayed ..]]>
    </system-out>
  </testcase> <!-- valiadatePolicyCount -->
  <system-out>
    <![CDATA[Launching Browser
waiting..
clicking on gender button..
clicking on next button..
handeling age dropdown..
clicking on next button..
enetring pincode..
enetring mobile number..
clicking on continue button..
getting policy count from text displayed ..
getting policy count from banners displayed ..
closing browser]]>
  </system-out>
</testsuite> <!-- coverFoxTest.TC1234_CoverFox_ValidateBannerCount -->
